{
  "stats": {
    "suites": 11,
    "tests": 30,
    "passes": 30,
    "pending": 0,
    "failures": 0,
    "testsRegistered": 30,
    "passPercent": 100,
    "pendingPercent": 0,
    "other": 0,
    "hasOther": false,
    "skipped": 0,
    "hasSkipped": false,
    "start": "2025-05-07T13:39:42.246Z",
    "end": "2025-05-07T13:41:46.677Z",
    "duration": 124431
  },
  "results": [
    {
      "uuid": "59b20035-7e46-401d-9176-713c6745ae94",
      "title": "",
      "fullFile": "cypress\\e2e\\debug.cy.js",
      "file": "cypress\\e2e\\debug.cy.js",
      "beforeHooks": [],
      "afterHooks": [],
      "tests": [],
      "suites": [
        {
          "uuid": "a5bd7dbb-f62b-4179-8513-4509faed9b13",
          "title": "Codemorpher - Debugging Steps Display",
          "fullFile": "",
          "file": "",
          "beforeHooks": [],
          "afterHooks": [],
          "tests": [
            {
              "title": "should display debugging steps after translation",
              "fullTitle": "Codemorpher - Debugging Steps Display should display debugging steps after translation",
              "timedOut": null,
              "duration": 8539,
              "state": "passed",
              "speed": "medium",
              "pass": true,
              "fail": false,
              "pending": false,
              "context": null,
              "code": "cy.get('#javaCode').clear().type(`public class Main {\\n  public static void main(String[] args) {\\n    System.out.println(\"Debug Test\");\\n  }\\n}`, {\n  parseSpecialCharSequences: false\n});\ncy.get('.lang-option[data-value=\"python\"]').click();\ncy.get('#translateButton').click();\ncy.get('#debuggingSteps', {\n  timeout: 30000\n}).should('not.have.class', 'collapsed');\ncy.get('#debuggingSteps').should('contain.text', 'Debug');\n// Tolerate fallback string or actual list\ncy.get('#debuggingSteps .debug-list').then($ul => {\n  const items = $ul.find('li');\n  expect(items.length).to.be.at.least(0); // not strict\n});\ncy.screenshot('debugging-steps-visible');",
              "err": {},
              "uuid": "d0156b9c-a324-451b-937e-d6bccd8520b1",
              "parentUUID": "a5bd7dbb-f62b-4179-8513-4509faed9b13",
              "isHook": false,
              "skipped": false
            }
          ],
          "suites": [],
          "passes": [
            "d0156b9c-a324-451b-937e-d6bccd8520b1"
          ],
          "failures": [],
          "pending": [],
          "skipped": [],
          "duration": 8539,
          "root": false,
          "rootEmpty": false,
          "_timeout": 2000
        }
      ],
      "passes": [],
      "failures": [],
      "pending": [],
      "skipped": [],
      "duration": 0,
      "root": true,
      "rootEmpty": true,
      "_timeout": 2000
    },
    {
      "uuid": "3868447e-e45f-4113-9278-a769292d0689",
      "title": "",
      "fullFile": "cypress\\e2e\\error.cy.js",
      "file": "cypress\\e2e\\error.cy.js",
      "beforeHooks": [],
      "afterHooks": [],
      "tests": [],
      "suites": [
        {
          "uuid": "ac7570d2-5547-48ff-90ff-27007b95e8a7",
          "title": "Codemorpher - Error Handling Scenarios",
          "fullFile": "",
          "file": "",
          "beforeHooks": [],
          "afterHooks": [],
          "tests": [
            {
              "title": "should show alert if translate is clicked without input",
              "fullTitle": "Codemorpher - Error Handling Scenarios should show alert if translate is clicked without input",
              "timedOut": null,
              "duration": 948,
              "state": "passed",
              "speed": "fast",
              "pass": true,
              "fail": false,
              "pending": false,
              "context": null,
              "code": "cy.get('#javaCode').clear();\ncy.get('#translateButton').click();\ncy.on('window:alert', text => {\n  expect(text).to.include('Please enter code');\n});",
              "err": {},
              "uuid": "c2a79e2e-cfc4-4c58-b2de-8362de44d1df",
              "parentUUID": "ac7570d2-5547-48ff-90ff-27007b95e8a7",
              "isHook": false,
              "skipped": false
            },
            {
              "title": "should show network error if server is unreachable",
              "fullTitle": "Codemorpher - Error Handling Scenarios should show network error if server is unreachable",
              "timedOut": null,
              "duration": 1954,
              "state": "passed",
              "speed": "fast",
              "pass": true,
              "fail": false,
              "pending": false,
              "context": null,
              "code": "cy.intercept('POST', '**/translate', {\n  forceNetworkError: true\n}).as('fakeError');\ncy.get('#javaCode').clear().type('public class Test { public static void main(String[] args) {} }', {\n  parseSpecialCharSequences: false\n});\ncy.get('#translateButton').click();\n// Wait for the network error to be triggered\ncy.wait('@fakeError', {\n  timeout: 10000\n});\n// Wait for the loading overlay to appear\ncy.get('#loadingOverlay', {\n  timeout: 10000\n}).should('be.visible');\n// Check the dynamically created .error-message element inside #loadingContent\ncy.get('#loadingContent .error-message', {\n  timeout: 10000\n}).should('be.visible').invoke('text').then(text => {\n  const lower = text.toLowerCase();\n  expect(lower).to.include('connect'); // Matches \"Cannot connect to the server\"\n});\ncy.screenshot('network-error-message');",
              "err": {},
              "uuid": "45840779-de00-4a20-94e6-f08f3cb0d878",
              "parentUUID": "ac7570d2-5547-48ff-90ff-27007b95e8a7",
              "isHook": false,
              "skipped": false
            }
          ],
          "suites": [],
          "passes": [
            "c2a79e2e-cfc4-4c58-b2de-8362de44d1df",
            "45840779-de00-4a20-94e6-f08f3cb0d878"
          ],
          "failures": [],
          "pending": [],
          "skipped": [],
          "duration": 2902,
          "root": false,
          "rootEmpty": false,
          "_timeout": 2000
        }
      ],
      "passes": [],
      "failures": [],
      "pending": [],
      "skipped": [],
      "duration": 0,
      "root": true,
      "rootEmpty": true,
      "_timeout": 2000
    },
    {
      "uuid": "cfddb864-b764-4348-9e3c-22cb05c32a46",
      "title": "",
      "fullFile": "cypress\\e2e\\imageFeature.cy.js",
      "file": "cypress\\e2e\\imageFeature.cy.js",
      "beforeHooks": [],
      "afterHooks": [],
      "tests": [],
      "suites": [
        {
          "uuid": "6abe6d64-7e6d-45b9-a565-6f7d5b8ac5ad",
          "title": "📸 Image Upload & Camera Feature Tests",
          "fullFile": "",
          "file": "",
          "beforeHooks": [],
          "afterHooks": [],
          "tests": [
            {
              "title": "should display the Skip button when no back camera is available",
              "fullTitle": "📸 Image Upload & Camera Feature Tests should display the Skip button when no back camera is available",
              "timedOut": null,
              "duration": 466,
              "state": "passed",
              "speed": "fast",
              "pass": true,
              "fail": false,
              "pending": false,
              "context": null,
              "code": "cy.get('#cameraButton').click();\ncy.get('#cameraError', {\n  timeout: 5000\n}).should('be.visible').and('contain', 'No back camera available');\ncy.get('.skip-button', {\n  timeout: 5000\n}).should('be.visible').and('contain', 'Skip');",
              "err": {},
              "uuid": "194c32d0-1bc8-4c23-a514-210cd3163435",
              "parentUUID": "6abe6d64-7e6d-45b9-a565-6f7d5b8ac5ad",
              "isHook": false,
              "skipped": false
            },
            {
              "title": "should return to the home page when the Skip button is clicked",
              "fullTitle": "📸 Image Upload & Camera Feature Tests should return to the home page when the Skip button is clicked",
              "timedOut": null,
              "duration": 5283,
              "state": "passed",
              "speed": "medium",
              "pass": true,
              "fail": false,
              "pending": false,
              "context": null,
              "code": "cy.get('#cameraButton').click();\ncy.get('#cameraError', {\n  timeout: 5000\n}).should('be.visible').and('contain', 'No back camera available');\ncy.get('.skip-button', {\n  timeout: 5000\n}).click();\ncy.get('#cameraError', {\n  timeout: 5000\n}).should('not.be.visible');\ncy.get('#cameraModal', {\n  timeout: 5000\n}).should('not.be.visible');\ncy.get('.header-with-logo', {\n  timeout: 5000\n}).should('be.visible');\ncy.get('#javaCode', {\n  timeout: 5000\n}).should('be.visible');\ncy.get('#translateButton', {\n  timeout: 5000\n}).should('be.visible');",
              "err": {},
              "uuid": "fff48c91-b2a8-4ae4-be68-f7daf62f86fb",
              "parentUUID": "6abe6d64-7e6d-45b9-a565-6f7d5b8ac5ad",
              "isHook": false,
              "skipped": false
            }
          ],
          "suites": [],
          "passes": [
            "194c32d0-1bc8-4c23-a514-210cd3163435",
            "fff48c91-b2a8-4ae4-be68-f7daf62f86fb"
          ],
          "failures": [],
          "pending": [],
          "skipped": [],
          "duration": 5749,
          "root": false,
          "rootEmpty": false,
          "_timeout": 2000
        }
      ],
      "passes": [],
      "failures": [],
      "pending": [],
      "skipped": [],
      "duration": 0,
      "root": true,
      "rootEmpty": true,
      "_timeout": 2000
    },
    {
      "uuid": "a4cd9c42-d83a-406f-a0bf-b5cfffe75b98",
      "title": "",
      "fullFile": "cypress\\e2e\\multi.cy.js",
      "file": "cypress\\e2e\\multi.cy.js",
      "beforeHooks": [],
      "afterHooks": [],
      "tests": [],
      "suites": [
        {
          "uuid": "559cce98-0a5d-45ce-9bff-1a0969ca24dc",
          "title": "Codemorpher - Multi-Language Translation Loop",
          "fullFile": "",
          "file": "",
          "beforeHooks": [],
          "afterHooks": [],
          "tests": [
            {
              "title": "should translate Java code to javascript",
              "fullTitle": "Codemorpher - Multi-Language Translation Loop should translate Java code to javascript",
              "timedOut": null,
              "duration": 2911,
              "state": "passed",
              "speed": "fast",
              "pass": true,
              "fail": false,
              "pending": false,
              "context": null,
              "code": "cy.get('#javaCode').clear().type(`public class Main { public static void main(String[] args) { System.out.println(\"Loop Test\"); } }`, {\n  parseSpecialCharSequences: false\n});\ncy.get(`.lang-option[data-value=\"${lang}\"]`).click();\ncy.get('#translateButton').click();\ncy.get('#translatedCodeBlock', {\n  timeout: 15000\n}).invoke('text').should(text => {\n  expect(text.trim()).to.not.eq('Translation will appear here...');\n  expect(text.trim().length).to.be.greaterThan(10);\n});\ncy.get('#translatedCodeBlock').invoke('text').should('not.be.empty');\ncy.screenshot(`translate-to-${lang}`);",
              "err": {},
              "uuid": "6b698b50-22b6-44c3-a404-dba6c02dc72c",
              "parentUUID": "559cce98-0a5d-45ce-9bff-1a0969ca24dc",
              "isHook": false,
              "skipped": false
            },
            {
              "title": "should translate Java code to python",
              "fullTitle": "Codemorpher - Multi-Language Translation Loop should translate Java code to python",
              "timedOut": null,
              "duration": 2146,
              "state": "passed",
              "speed": "fast",
              "pass": true,
              "fail": false,
              "pending": false,
              "context": null,
              "code": "cy.get('#javaCode').clear().type(`public class Main { public static void main(String[] args) { System.out.println(\"Loop Test\"); } }`, {\n  parseSpecialCharSequences: false\n});\ncy.get(`.lang-option[data-value=\"${lang}\"]`).click();\ncy.get('#translateButton').click();\ncy.get('#translatedCodeBlock', {\n  timeout: 15000\n}).invoke('text').should(text => {\n  expect(text.trim()).to.not.eq('Translation will appear here...');\n  expect(text.trim().length).to.be.greaterThan(10);\n});\ncy.get('#translatedCodeBlock').invoke('text').should('not.be.empty');\ncy.screenshot(`translate-to-${lang}`);",
              "err": {},
              "uuid": "5971e61d-a342-4234-b2ab-36ff0a0d88ee",
              "parentUUID": "559cce98-0a5d-45ce-9bff-1a0969ca24dc",
              "isHook": false,
              "skipped": false
            },
            {
              "title": "should translate Java code to c",
              "fullTitle": "Codemorpher - Multi-Language Translation Loop should translate Java code to c",
              "timedOut": null,
              "duration": 2085,
              "state": "passed",
              "speed": "fast",
              "pass": true,
              "fail": false,
              "pending": false,
              "context": null,
              "code": "cy.get('#javaCode').clear().type(`public class Main { public static void main(String[] args) { System.out.println(\"Loop Test\"); } }`, {\n  parseSpecialCharSequences: false\n});\ncy.get(`.lang-option[data-value=\"${lang}\"]`).click();\ncy.get('#translateButton').click();\ncy.get('#translatedCodeBlock', {\n  timeout: 15000\n}).invoke('text').should(text => {\n  expect(text.trim()).to.not.eq('Translation will appear here...');\n  expect(text.trim().length).to.be.greaterThan(10);\n});\ncy.get('#translatedCodeBlock').invoke('text').should('not.be.empty');\ncy.screenshot(`translate-to-${lang}`);",
              "err": {},
              "uuid": "da5dbb21-cfca-4938-9b15-5e9db0a52cd8",
              "parentUUID": "559cce98-0a5d-45ce-9bff-1a0969ca24dc",
              "isHook": false,
              "skipped": false
            },
            {
              "title": "should translate Java code to cpp",
              "fullTitle": "Codemorpher - Multi-Language Translation Loop should translate Java code to cpp",
              "timedOut": null,
              "duration": 2075,
              "state": "passed",
              "speed": "fast",
              "pass": true,
              "fail": false,
              "pending": false,
              "context": null,
              "code": "cy.get('#javaCode').clear().type(`public class Main { public static void main(String[] args) { System.out.println(\"Loop Test\"); } }`, {\n  parseSpecialCharSequences: false\n});\ncy.get(`.lang-option[data-value=\"${lang}\"]`).click();\ncy.get('#translateButton').click();\ncy.get('#translatedCodeBlock', {\n  timeout: 15000\n}).invoke('text').should(text => {\n  expect(text.trim()).to.not.eq('Translation will appear here...');\n  expect(text.trim().length).to.be.greaterThan(10);\n});\ncy.get('#translatedCodeBlock').invoke('text').should('not.be.empty');\ncy.screenshot(`translate-to-${lang}`);",
              "err": {},
              "uuid": "6aaa7f2a-c064-41a6-88e0-94d4688f0ed4",
              "parentUUID": "559cce98-0a5d-45ce-9bff-1a0969ca24dc",
              "isHook": false,
              "skipped": false
            },
            {
              "title": "should translate Java code to csharp",
              "fullTitle": "Codemorpher - Multi-Language Translation Loop should translate Java code to csharp",
              "timedOut": null,
              "duration": 2109,
              "state": "passed",
              "speed": "fast",
              "pass": true,
              "fail": false,
              "pending": false,
              "context": null,
              "code": "cy.get('#javaCode').clear().type(`public class Main { public static void main(String[] args) { System.out.println(\"Loop Test\"); } }`, {\n  parseSpecialCharSequences: false\n});\ncy.get(`.lang-option[data-value=\"${lang}\"]`).click();\ncy.get('#translateButton').click();\ncy.get('#translatedCodeBlock', {\n  timeout: 15000\n}).invoke('text').should(text => {\n  expect(text.trim()).to.not.eq('Translation will appear here...');\n  expect(text.trim().length).to.be.greaterThan(10);\n});\ncy.get('#translatedCodeBlock').invoke('text').should('not.be.empty');\ncy.screenshot(`translate-to-${lang}`);",
              "err": {},
              "uuid": "07ec02d0-d7ea-4c10-9aa7-df7fffe23348",
              "parentUUID": "559cce98-0a5d-45ce-9bff-1a0969ca24dc",
              "isHook": false,
              "skipped": false
            },
            {
              "title": "should translate Java code to php",
              "fullTitle": "Codemorpher - Multi-Language Translation Loop should translate Java code to php",
              "timedOut": null,
              "duration": 2053,
              "state": "passed",
              "speed": "fast",
              "pass": true,
              "fail": false,
              "pending": false,
              "context": null,
              "code": "cy.get('#javaCode').clear().type(`public class Main { public static void main(String[] args) { System.out.println(\"Loop Test\"); } }`, {\n  parseSpecialCharSequences: false\n});\ncy.get(`.lang-option[data-value=\"${lang}\"]`).click();\ncy.get('#translateButton').click();\ncy.get('#translatedCodeBlock', {\n  timeout: 15000\n}).invoke('text').should(text => {\n  expect(text.trim()).to.not.eq('Translation will appear here...');\n  expect(text.trim().length).to.be.greaterThan(10);\n});\ncy.get('#translatedCodeBlock').invoke('text').should('not.be.empty');\ncy.screenshot(`translate-to-${lang}`);",
              "err": {},
              "uuid": "16aa3560-9754-4a6e-83a4-d43bcebdb4cd",
              "parentUUID": "559cce98-0a5d-45ce-9bff-1a0969ca24dc",
              "isHook": false,
              "skipped": false
            }
          ],
          "suites": [],
          "passes": [
            "6b698b50-22b6-44c3-a404-dba6c02dc72c",
            "5971e61d-a342-4234-b2ab-36ff0a0d88ee",
            "da5dbb21-cfca-4938-9b15-5e9db0a52cd8",
            "6aaa7f2a-c064-41a6-88e0-94d4688f0ed4",
            "07ec02d0-d7ea-4c10-9aa7-df7fffe23348",
            "16aa3560-9754-4a6e-83a4-d43bcebdb4cd"
          ],
          "failures": [],
          "pending": [],
          "skipped": [],
          "duration": 13379,
          "root": false,
          "rootEmpty": false,
          "_timeout": 2000
        }
      ],
      "passes": [],
      "failures": [],
      "pending": [],
      "skipped": [],
      "duration": 0,
      "root": true,
      "rootEmpty": true,
      "_timeout": 2000
    },
    {
      "uuid": "52c41d7a-f9a4-43a6-867e-73fcc79fa8c6",
      "title": "",
      "fullFile": "cypress\\e2e\\responsive.cy.js",
      "file": "cypress\\e2e\\responsive.cy.js",
      "beforeHooks": [],
      "afterHooks": [],
      "tests": [],
      "suites": [
        {
          "uuid": "dd4b7ff5-7914-498e-9675-d4cc0cbe0828",
          "title": "Codemorpher - Responsive UI Test",
          "fullFile": "",
          "file": "",
          "beforeHooks": [],
          "afterHooks": [],
          "tests": [
            {
              "title": "should render properly on iPhone X",
              "fullTitle": "Codemorpher - Responsive UI Test should render properly on iPhone X",
              "timedOut": null,
              "duration": 1099,
              "state": "passed",
              "speed": "fast",
              "pass": true,
              "fail": false,
              "pending": false,
              "context": null,
              "code": "cy.viewport(width, height);\ncy.visit('http://localhost:5500/codemorpher-frontend/public');\ncy.get('.header-with-logo').should('be.visible');\ncy.get('#translateButton').should('be.visible');\ncy.screenshot(`responsive-${device}`);",
              "err": {},
              "uuid": "ba115127-bb0f-4d57-a853-dd56672b83b3",
              "parentUUID": "dd4b7ff5-7914-498e-9675-d4cc0cbe0828",
              "isHook": false,
              "skipped": false
            },
            {
              "title": "should render properly on iPhone 14 Pro",
              "fullTitle": "Codemorpher - Responsive UI Test should render properly on iPhone 14 Pro",
              "timedOut": null,
              "duration": 443,
              "state": "passed",
              "speed": "fast",
              "pass": true,
              "fail": false,
              "pending": false,
              "context": null,
              "code": "cy.viewport(width, height);\ncy.visit('http://localhost:5500/codemorpher-frontend/public');\ncy.get('.header-with-logo').should('be.visible');\ncy.get('#translateButton').should('be.visible');\ncy.screenshot(`responsive-${device}`);",
              "err": {},
              "uuid": "10e226f1-0089-492f-a271-5a3ad29ad4a0",
              "parentUUID": "dd4b7ff5-7914-498e-9675-d4cc0cbe0828",
              "isHook": false,
              "skipped": false
            },
            {
              "title": "should render properly on Pixel 6",
              "fullTitle": "Codemorpher - Responsive UI Test should render properly on Pixel 6",
              "timedOut": null,
              "duration": 428,
              "state": "passed",
              "speed": "fast",
              "pass": true,
              "fail": false,
              "pending": false,
              "context": null,
              "code": "cy.viewport(width, height);\ncy.visit('http://localhost:5500/codemorpher-frontend/public');\ncy.get('.header-with-logo').should('be.visible');\ncy.get('#translateButton').should('be.visible');\ncy.screenshot(`responsive-${device}`);",
              "err": {},
              "uuid": "0e781bac-27e7-47fe-a097-c58ba2eba6b7",
              "parentUUID": "dd4b7ff5-7914-498e-9675-d4cc0cbe0828",
              "isHook": false,
              "skipped": false
            },
            {
              "title": "should render properly on iPad",
              "fullTitle": "Codemorpher - Responsive UI Test should render properly on iPad",
              "timedOut": null,
              "duration": 491,
              "state": "passed",
              "speed": "fast",
              "pass": true,
              "fail": false,
              "pending": false,
              "context": null,
              "code": "cy.viewport(width, height);\ncy.visit('http://localhost:5500/codemorpher-frontend/public');\ncy.get('.header-with-logo').should('be.visible');\ncy.get('#translateButton').should('be.visible');\ncy.screenshot(`responsive-${device}`);",
              "err": {},
              "uuid": "ae4f34da-d7d4-4050-965e-91509e893d38",
              "parentUUID": "dd4b7ff5-7914-498e-9675-d4cc0cbe0828",
              "isHook": false,
              "skipped": false
            },
            {
              "title": "should render properly on iPad Pro",
              "fullTitle": "Codemorpher - Responsive UI Test should render properly on iPad Pro",
              "timedOut": null,
              "duration": 519,
              "state": "passed",
              "speed": "fast",
              "pass": true,
              "fail": false,
              "pending": false,
              "context": null,
              "code": "cy.viewport(width, height);\ncy.visit('http://localhost:5500/codemorpher-frontend/public');\ncy.get('.header-with-logo').should('be.visible');\ncy.get('#translateButton').should('be.visible');\ncy.screenshot(`responsive-${device}`);",
              "err": {},
              "uuid": "238a7678-a93a-44ff-b851-666d8599bde9",
              "parentUUID": "dd4b7ff5-7914-498e-9675-d4cc0cbe0828",
              "isHook": false,
              "skipped": false
            },
            {
              "title": "should render properly on MacBook",
              "fullTitle": "Codemorpher - Responsive UI Test should render properly on MacBook",
              "timedOut": null,
              "duration": 476,
              "state": "passed",
              "speed": "fast",
              "pass": true,
              "fail": false,
              "pending": false,
              "context": null,
              "code": "cy.viewport(width, height);\ncy.visit('http://localhost:5500/codemorpher-frontend/public');\ncy.get('.header-with-logo').should('be.visible');\ncy.get('#translateButton').should('be.visible');\ncy.screenshot(`responsive-${device}`);",
              "err": {},
              "uuid": "c92c54ce-09ae-4a3d-bdcf-5d906cd3fa4e",
              "parentUUID": "dd4b7ff5-7914-498e-9675-d4cc0cbe0828",
              "isHook": false,
              "skipped": false
            },
            {
              "title": "should render properly on Desktop 1080p",
              "fullTitle": "Codemorpher - Responsive UI Test should render properly on Desktop 1080p",
              "timedOut": null,
              "duration": 470,
              "state": "passed",
              "speed": "fast",
              "pass": true,
              "fail": false,
              "pending": false,
              "context": null,
              "code": "cy.viewport(width, height);\ncy.visit('http://localhost:5500/codemorpher-frontend/public');\ncy.get('.header-with-logo').should('be.visible');\ncy.get('#translateButton').should('be.visible');\ncy.screenshot(`responsive-${device}`);",
              "err": {},
              "uuid": "1a0a6f16-ecf3-4ed4-b798-52bd593892d8",
              "parentUUID": "dd4b7ff5-7914-498e-9675-d4cc0cbe0828",
              "isHook": false,
              "skipped": false
            },
            {
              "title": "should render properly on Desktop 4K",
              "fullTitle": "Codemorpher - Responsive UI Test should render properly on Desktop 4K",
              "timedOut": null,
              "duration": 461,
              "state": "passed",
              "speed": "fast",
              "pass": true,
              "fail": false,
              "pending": false,
              "context": null,
              "code": "cy.viewport(width, height);\ncy.visit('http://localhost:5500/codemorpher-frontend/public');\ncy.get('.header-with-logo').should('be.visible');\ncy.get('#translateButton').should('be.visible');\ncy.screenshot(`responsive-${device}`);",
              "err": {},
              "uuid": "b59290bd-a2dd-410a-b1c1-360d05ef66ec",
              "parentUUID": "dd4b7ff5-7914-498e-9675-d4cc0cbe0828",
              "isHook": false,
              "skipped": false
            }
          ],
          "suites": [],
          "passes": [
            "ba115127-bb0f-4d57-a853-dd56672b83b3",
            "10e226f1-0089-492f-a271-5a3ad29ad4a0",
            "0e781bac-27e7-47fe-a097-c58ba2eba6b7",
            "ae4f34da-d7d4-4050-965e-91509e893d38",
            "238a7678-a93a-44ff-b851-666d8599bde9",
            "c92c54ce-09ae-4a3d-bdcf-5d906cd3fa4e",
            "1a0a6f16-ecf3-4ed4-b798-52bd593892d8",
            "b59290bd-a2dd-410a-b1c1-360d05ef66ec"
          ],
          "failures": [],
          "pending": [],
          "skipped": [],
          "duration": 4387,
          "root": false,
          "rootEmpty": false,
          "_timeout": 2000
        }
      ],
      "passes": [],
      "failures": [],
      "pending": [],
      "skipped": [],
      "duration": 0,
      "root": true,
      "rootEmpty": true,
      "_timeout": 2000
    },
    {
      "uuid": "d20f16af-e694-47f0-a470-ea7748049fa2",
      "title": "",
      "fullFile": "cypress\\e2e\\run.cy.js",
      "file": "cypress\\e2e\\run.cy.js",
      "beforeHooks": [],
      "afterHooks": [],
      "tests": [],
      "suites": [
        {
          "uuid": "58137d74-6a83-4cb6-84b4-e814c77d21d3",
          "title": "Codemorpher - Run Button Feature",
          "fullFile": "",
          "file": "",
          "beforeHooks": [],
          "afterHooks": [],
          "tests": [
            {
              "title": "should display the Run Code button after translation",
              "fullTitle": "Codemorpher - Run Button Feature should display the Run Code button after translation",
              "timedOut": null,
              "duration": 27020,
              "state": "passed",
              "speed": "slow",
              "pass": true,
              "fail": false,
              "pending": false,
              "context": null,
              "code": "cy.contains('button', 'Run Code', {\n  timeout: 10000\n}).should('be.visible');\ncy.screenshot('run-button-visible');",
              "err": {},
              "uuid": "2b19aaab-3898-47e9-8573-c9cc230f8d97",
              "parentUUID": "58137d74-6a83-4cb6-84b4-e814c77d21d3",
              "isHook": false,
              "skipped": false
            },
            {
              "title": "should open external compiler when Run Code is clicked",
              "fullTitle": "Codemorpher - Run Button Feature should open external compiler when Run Code is clicked",
              "timedOut": null,
              "duration": 5717,
              "state": "passed",
              "speed": "medium",
              "pass": true,
              "fail": false,
              "pending": false,
              "context": null,
              "code": "cy.window().then(win => {\n  cy.stub(win, 'open').as('windowOpen');\n});\ncy.contains('button', 'Run Code').click();\ncy.get('@windowOpen').should('have.been.calledOnce');\ncy.get('@windowOpen').should('have.been.calledWithMatch', /playcode\\.io|compiler-url/);\ncy.screenshot('run-button-clicked');",
              "err": {},
              "uuid": "3eae647f-349c-49bc-a9a7-d197da16090a",
              "parentUUID": "58137d74-6a83-4cb6-84b4-e814c77d21d3",
              "isHook": false,
              "skipped": false
            }
          ],
          "suites": [],
          "passes": [
            "2b19aaab-3898-47e9-8573-c9cc230f8d97",
            "3eae647f-349c-49bc-a9a7-d197da16090a"
          ],
          "failures": [],
          "pending": [],
          "skipped": [],
          "duration": 32737,
          "root": false,
          "rootEmpty": false,
          "_timeout": 2000
        }
      ],
      "passes": [],
      "failures": [],
      "pending": [],
      "skipped": [],
      "duration": 0,
      "root": true,
      "rootEmpty": true,
      "_timeout": 2000
    },
    {
      "uuid": "068d752f-39c6-4e9c-85b6-f643268c4d13",
      "title": "",
      "fullFile": "cypress\\e2e\\sample.cy.js",
      "file": "cypress\\e2e\\sample.cy.js",
      "beforeHooks": [],
      "afterHooks": [],
      "tests": [],
      "suites": [
        {
          "uuid": "b1f1997b-ec9d-4ab9-9951-4dafcd64ae91",
          "title": "Codemorpher Home Page",
          "fullFile": "",
          "file": "",
          "beforeHooks": [],
          "afterHooks": [],
          "tests": [
            {
              "title": "should load successfully and display title",
              "fullTitle": "Codemorpher Home Page should load successfully and display title",
              "timedOut": null,
              "duration": 1230,
              "state": "passed",
              "speed": "fast",
              "pass": true,
              "fail": false,
              "pending": false,
              "context": null,
              "code": "cy.visit('http://localhost:5500/codemorpher-frontend/public');\ncy.contains('CodeMorpher').should('be.visible');\ncy.screenshot('homepage-loaded');",
              "err": {},
              "uuid": "af3df4f5-3ea3-4756-a360-81d6e0e146a8",
              "parentUUID": "b1f1997b-ec9d-4ab9-9951-4dafcd64ae91",
              "isHook": false,
              "skipped": false
            }
          ],
          "suites": [],
          "passes": [
            "af3df4f5-3ea3-4756-a360-81d6e0e146a8"
          ],
          "failures": [],
          "pending": [],
          "skipped": [],
          "duration": 1230,
          "root": false,
          "rootEmpty": false,
          "_timeout": 2000
        }
      ],
      "passes": [],
      "failures": [],
      "pending": [],
      "skipped": [],
      "duration": 0,
      "root": true,
      "rootEmpty": true,
      "_timeout": 2000
    },
    {
      "uuid": "70a6908f-2f17-4f21-847d-1f4062de6ec2",
      "title": "",
      "fullFile": "cypress\\e2e\\translation.cy.js",
      "file": "cypress\\e2e\\translation.cy.js",
      "beforeHooks": [],
      "afterHooks": [],
      "tests": [],
      "suites": [
        {
          "uuid": "f05c7a3e-a3b6-48cc-acc0-d72e283321e1",
          "title": "Codemorpher - Translate Feature",
          "fullFile": "",
          "file": "",
          "beforeHooks": [],
          "afterHooks": [],
          "tests": [
            {
              "title": "should translate Java code and display result",
              "fullTitle": "Codemorpher - Translate Feature should translate Java code and display result",
              "timedOut": null,
              "duration": 28718,
              "state": "passed",
              "speed": "slow",
              "pass": true,
              "fail": false,
              "pending": false,
              "context": null,
              "code": "cy.get('#javaCode').clear().type(`public class Main {\\n  public static void main(String[] args) {\\n    System.out.println(\"Hello Kiddo\");\\n  }\\n}`);\ncy.get('.lang-option[data-value=\"javascript\"]').click();\ncy.get('#translateButton').click();\ncy.get('#translatedCodeBlock', {\n  timeout: 40000\n}).should('not.contain.text', '// Translation will appear here...').invoke('text').should('include', 'console.log');\ncy.screenshot('translation-success');",
              "err": {},
              "uuid": "f20fc608-15b4-48a4-9c68-0e35ba16227a",
              "parentUUID": "f05c7a3e-a3b6-48cc-acc0-d72e283321e1",
              "isHook": false,
              "skipped": false
            }
          ],
          "suites": [],
          "passes": [
            "f20fc608-15b4-48a4-9c68-0e35ba16227a"
          ],
          "failures": [],
          "pending": [],
          "skipped": [],
          "duration": 28718,
          "root": false,
          "rootEmpty": false,
          "_timeout": 2000
        }
      ],
      "passes": [],
      "failures": [],
      "pending": [],
      "skipped": [],
      "duration": 0,
      "root": true,
      "rootEmpty": true,
      "_timeout": 2000
    },
    {
      "uuid": "a0442db3-4af7-4396-bd83-77806457e237",
      "title": "",
      "fullFile": "cypress\\e2e\\ui.cy.js",
      "file": "cypress\\e2e\\ui.cy.js",
      "beforeHooks": [],
      "afterHooks": [],
      "tests": [],
      "suites": [
        {
          "uuid": "722c6d8f-dabc-407b-8ef9-91fc0a885541",
          "title": "Codemorpher - UI Components Check",
          "fullFile": "",
          "file": "",
          "beforeHooks": [],
          "afterHooks": [],
          "tests": [
            {
              "title": "should display the header with logo and title",
              "fullTitle": "Codemorpher - UI Components Check should display the header with logo and title",
              "timedOut": null,
              "duration": 1088,
              "state": "passed",
              "speed": "fast",
              "pass": true,
              "fail": false,
              "pending": false,
              "context": null,
              "code": "cy.get('.header-with-logo').should('be.visible');\ncy.get('.logo-icon').should('be.visible');\ncy.contains('CodeMorpher').should('be.visible');\ncy.screenshot('ui-header');",
              "err": {},
              "uuid": "9afb7444-97fb-4e85-8874-b398b8b07f2c",
              "parentUUID": "722c6d8f-dabc-407b-8ef9-91fc0a885541",
              "isHook": false,
              "skipped": false
            },
            {
              "title": "should have the Java code input area",
              "fullTitle": "Codemorpher - UI Components Check should have the Java code input area",
              "timedOut": null,
              "duration": 504,
              "state": "passed",
              "speed": "fast",
              "pass": true,
              "fail": false,
              "pending": false,
              "context": null,
              "code": "cy.get('#javaCode').should('exist').and('be.visible');\ncy.screenshot('ui-java-code-input');",
              "err": {},
              "uuid": "53bb057c-2b0b-4f14-9e6b-6fbc4249d96a",
              "parentUUID": "722c6d8f-dabc-407b-8ef9-91fc0a885541",
              "isHook": false,
              "skipped": false
            },
            {
              "title": "should display all target language options",
              "fullTitle": "Codemorpher - UI Components Check should display all target language options",
              "timedOut": null,
              "duration": 502,
              "state": "passed",
              "speed": "fast",
              "pass": true,
              "fail": false,
              "pending": false,
              "context": null,
              "code": "const languages = ['javascript', 'python', 'c', 'cpp', 'csharp', 'php'];\nlanguages.forEach(lang => {\n  cy.get(`.lang-option[data-value=\"${lang}\"]`).should('exist').and('be.visible');\n});\ncy.screenshot('ui-language-options');",
              "err": {},
              "uuid": "fdeb2710-89b4-461e-a4a6-54ae38d93e4b",
              "parentUUID": "722c6d8f-dabc-407b-8ef9-91fc0a885541",
              "isHook": false,
              "skipped": false
            },
            {
              "title": "should display the Translate button",
              "fullTitle": "Codemorpher - UI Components Check should display the Translate button",
              "timedOut": null,
              "duration": 485,
              "state": "passed",
              "speed": "fast",
              "pass": true,
              "fail": false,
              "pending": false,
              "context": null,
              "code": "cy.get('#translateButton').should('be.visible').and('contain', 'Translate');\ncy.screenshot('ui-translate-button');",
              "err": {},
              "uuid": "f5fd0dca-ac74-4921-96fe-72922bf8f245",
              "parentUUID": "722c6d8f-dabc-407b-8ef9-91fc0a885541",
              "isHook": false,
              "skipped": false
            },
            {
              "title": "should show collapsed output sections initially",
              "fullTitle": "Codemorpher - UI Components Check should show collapsed output sections initially",
              "timedOut": null,
              "duration": 520,
              "state": "passed",
              "speed": "fast",
              "pass": true,
              "fail": false,
              "pending": false,
              "context": null,
              "code": "cy.get('#translatedCode').should('exist');\ncy.get('#debuggingSteps').should('have.class', 'collapsed');\ncy.get('#algorithm').should('have.class', 'collapsed');\ncy.screenshot('ui-collapsed-output-sections');",
              "err": {},
              "uuid": "13ab01b9-b55c-49c5-aab6-fe85cdc7809d",
              "parentUUID": "722c6d8f-dabc-407b-8ef9-91fc0a885541",
              "isHook": false,
              "skipped": false
            }
          ],
          "suites": [],
          "passes": [
            "9afb7444-97fb-4e85-8874-b398b8b07f2c",
            "53bb057c-2b0b-4f14-9e6b-6fbc4249d96a",
            "fdeb2710-89b4-461e-a4a6-54ae38d93e4b",
            "f5fd0dca-ac74-4921-96fe-72922bf8f245",
            "13ab01b9-b55c-49c5-aab6-fe85cdc7809d"
          ],
          "failures": [],
          "pending": [],
          "skipped": [],
          "duration": 3099,
          "root": false,
          "rootEmpty": false,
          "_timeout": 2000
        }
      ],
      "passes": [],
      "failures": [],
      "pending": [],
      "skipped": [],
      "duration": 0,
      "root": true,
      "rootEmpty": true,
      "_timeout": 2000
    },
    {
      "uuid": "1bbfad7f-6754-4090-80b0-db034b4afea7",
      "title": "",
      "fullFile": "cypress\\e2e\\upload.cy.js",
      "file": "cypress\\e2e\\upload.cy.js",
      "beforeHooks": [],
      "afterHooks": [],
      "tests": [],
      "suites": [
        {
          "uuid": "e18f5963-f982-4cfe-88a9-3ad010b94a99",
          "title": "Codemorpher - Image Upload Feature",
          "fullFile": "",
          "file": "",
          "beforeHooks": [],
          "afterHooks": [],
          "tests": [
            {
              "title": "should upload an image and paste Java code into textarea",
              "fullTitle": "Codemorpher - Image Upload Feature should upload an image and paste Java code into textarea",
              "timedOut": null,
              "duration": 435,
              "state": "passed",
              "speed": "fast",
              "pass": true,
              "fail": false,
              "pending": false,
              "context": null,
              "code": "// Visit the local frontend served via live server or similar\ncy.visit('http://localhost:5500/codemorpher-frontend/public');\n// Trigger image upload using fixture\ncy.get('#uploadInput').selectFile('cypress/fixtures/test-img-1.jpeg', {\n  force: true\n});\n// Wait for loading overlay to disappear (in case Gemini API takes time)\ncy.get('#loadingOverlay', {\n  timeout: 30000\n}).should('not.be.visible');\n// Confirm Java code was pasted in textarea\ncy.get('#javaCode').invoke('val').should('include', 'public class'); // Java signature check\n// Optional: check if the line count also updated\ncy.get('#lineCounter').should('contain', 'Lines:');",
              "err": {},
              "uuid": "353afd0e-b406-4cd8-abde-22834a63b6df",
              "parentUUID": "e18f5963-f982-4cfe-88a9-3ad010b94a99",
              "isHook": false,
              "skipped": false
            }
          ],
          "suites": [],
          "passes": [
            "353afd0e-b406-4cd8-abde-22834a63b6df"
          ],
          "failures": [],
          "pending": [],
          "skipped": [],
          "duration": 435,
          "root": false,
          "rootEmpty": false,
          "_timeout": 2000
        }
      ],
      "passes": [],
      "failures": [],
      "pending": [],
      "skipped": [],
      "duration": 0,
      "root": true,
      "rootEmpty": true,
      "_timeout": 2000
    },
    {
      "uuid": "8ee2a53f-f082-4507-a7d7-15fc4eb9a16c",
      "title": "",
      "fullFile": "cypress\\e2e\\copy_run.cy.js",
      "file": "cypress\\e2e\\copy_run.cy.js",
      "beforeHooks": [],
      "afterHooks": [],
      "tests": [],
      "suites": [
        {
          "uuid": "d502f9c4-22d1-4ff9-b8c1-7ab3b16ca8af",
          "title": "Codemorpher - Copy Feature",
          "fullFile": "",
          "file": "",
          "beforeHooks": [],
          "afterHooks": [],
          "tests": [
            {
              "title": "should translate and copy the code to clipboard",
              "fullTitle": "Codemorpher - Copy Feature should translate and copy the code to clipboard",
              "timedOut": null,
              "duration": 8178,
              "state": "passed",
              "speed": "medium",
              "pass": true,
              "fail": false,
              "pending": false,
              "context": null,
              "code": "const javaCode = `public class Main {\n  public static void main(String[] args) {\nSystem.out.println(\"Copied!\");\n  }\n}`;\nlet apiResponse = null;\ncy.intercept('POST', '**/translate', req => {\n  req.on('response', res => {\n    apiResponse = res.body;\n  });\n}).as('translateApi');\ncy.get('#javaCode').clear().type(javaCode, {\n  delay: 1\n});\ncy.get('.lang-option[data-value=\"javascript\"]').click();\ncy.get('#translateButton').click();\ncy.wait('@translateApi', {\n  timeout: 40000\n}).its('response.statusCode').should('eq', 200);\ncy.then(() => {\n  cy.log('Translation API response:', JSON.stringify(apiResponse));\n});\ncy.get('#loadingOverlay').then($el => {\n  cy.log('Loading overlay display:', $el.css('display'));\n});\ncy.get('#loadingOverlay', {\n  timeout: 40000\n}).should('have.css', 'display', 'none');\ncy.get('#translatedCodeBlock', {\n  timeout: 40000\n}).should('be.visible').invoke('text').should(text => {\n  expect(text.trim()).to.not.eq('Translation will appear here...');\n  expect(text.trim().length).to.be.greaterThan(10);\n});\ncy.window().then(win => {\n  cy.stub(win, 'alert').as('alert');\n});\ncy.get('button[onclick=\"copyToClipboard()\"]').click();\ncy.get('@alert').should('have.been.calledWith', '✅ Code copied to clipboard!');\ncy.screenshot('copy-success');",
              "err": {},
              "uuid": "9db4dec6-fb54-496b-833d-8eae4f4a822d",
              "parentUUID": "d502f9c4-22d1-4ff9-b8c1-7ab3b16ca8af",
              "isHook": false,
              "skipped": false
            }
          ],
          "suites": [],
          "passes": [
            "9db4dec6-fb54-496b-833d-8eae4f4a822d"
          ],
          "failures": [],
          "pending": [],
          "skipped": [],
          "duration": 8178,
          "root": false,
          "rootEmpty": false,
          "_timeout": 2000
        }
      ],
      "passes": [],
      "failures": [],
      "pending": [],
      "skipped": [],
      "duration": 0,
      "root": true,
      "rootEmpty": true,
      "_timeout": 2000
    }
  ],
  "meta": {
    "mocha": {
      "version": "7.2.0"
    },
    "mochawesome": {
      "options": {
        "quiet": false,
        "reportFilename": "mochawesome",
        "saveHtml": false,
        "saveJson": true,
        "consoleReporter": "spec",
        "useInlineDiffs": false,
        "code": true
      },
      "version": "7.1.3"
    },
    "marge": {
      "options": {
        "reportDir": "cypress/reports/mochawesome",
        "overwrite": false,
        "html": false,
        "json": true,
        "screenshots": true
      },
      "version": "6.2.0"
    }
  }
}